# JRE version: Java(TM) SE Runtime Environment (8.0_144-b01) (build 1.8.0_144-b01)
# Java VM: Java HotSpot(TM) 64-Bit Server VM (25.144-b01 mixed mode windows-amd64 compressed oops)
Heap:
 PSYoungGen      total 249856K, used 75638K [0x00000000eab00000, 0x00000000fda00000, 0x0000000100000000)
  eden space 191488K, 38% used [0x00000000eab00000,0x00000000ef2df680,0x00000000f6600000)
  from space 58368K, 3% used [0x00000000fa000000,0x00000000fa1fe530,0x00000000fd900000)
  to   space 59392K, 0% used [0x00000000f6600000,0x00000000f6600000,0x00000000fa000000)
 ParOldGen       total 248320K, used 124712K [0x00000000c0000000, 0x00000000cf280000, 0x00000000eab00000)
  object space 248320K, 50% used [0x00000000c0000000,0x00000000c79ca138,0x00000000cf280000)
 Metaspace       used 12554K, capacity 13194K, committed 13440K, reserved 1060864K
  class space    used 1495K, capacity 1651K, committed 1664K, reserved 1048576K
GC Heap History (10 events):
Event: 9.271 GC heap before
{Heap before GC invocations=8 (full 1):
 PSYoungGen      total 158720K, used 129792K [0x00000000eab00000, 0x00000000f8d00000, 0x0000000100000000)
  eden space 121344K, 100% used [0x00000000eab00000,0x00000000f2180000,0x00000000f2180000)
  from space 37376K, 22% used [0x00000000f4680000,0x00000000f4ec0030,0x00000000f6b00000)
  to   space 37888K, 0% used [0x00000000f2180000,0x00000000f2180000,0x00000000f4680000)
 ParOldGen       total 152576K, used 106094K [0x00000000c0000000, 0x00000000c9500000, 0x00000000eab00000)
  object space 152576K, 69% used [0x00000000c0000000,0x00000000c679bbc8,0x00000000c9500000)
 Metaspace       used 11583K, capacity 12234K, committed 12416K, reserved 1060864K
  class space    used 1415K, capacity 1587K, committed 1664K, reserved 1048576K
Event: 9.351 GC heap after
Heap after GC invocations=8 (full 1):
 PSYoungGen      total 159232K, used 14521K [0x00000000eab00000, 0x00000000f8d80000, 0x0000000100000000)
  eden space 121344K, 0% used [0x00000000eab00000,0x00000000eab00000,0x00000000f2180000)
  from space 37888K, 38% used [0x00000000f2180000,0x00000000f2fae6d8,0x00000000f4680000)
  to   space 35840K, 0% used [0x00000000f6a80000,0x00000000f6a80000,0x00000000f8d80000)
 ParOldGen       total 152576K, used 106102K [0x00000000c0000000, 0x00000000c9500000, 0x00000000eab00000)
  object space 152576K, 69% used [0x00000000c0000000,0x00000000c679dbc8,0x00000000c9500000)
 Metaspace       used 11583K, capacity 12234K, committed 12416K, reserved 1060864K
  class space    used 1415K, capacity 1587K, committed 1664K, reserved 1048576K
}
Event: 10.180 GC heap before
{Heap before GC invocations=9 (full 1):
 PSYoungGen      total 159232K, used 135865K [0x00000000eab00000, 0x00000000f8d80000, 0x0000000100000000)
  eden space 121344K, 100% used [0x00000000eab00000,0x00000000f2180000,0x00000000f2180000)
  from space 37888K, 38% used [0x00000000f2180000,0x00000000f2fae6d8,0x00000000f4680000)
  to   space 35840K, 0% used [0x00000000f6a80000,0x00000000f6a80000,0x00000000f8d80000)
 ParOldGen       total 152576K, used 106102K [0x00000000c0000000, 0x00000000c9500000, 0x00000000eab00000)
  object space 152576K, 69% used [0x00000000c0000000,0x00000000c679dbc8,0x00000000c9500000)
 Metaspace       used 11643K, capacity 12298K, committed 12416K, reserved 1060864K
  class space    used 1420K, capacity 1587K, committed 1664K, reserved 1048576K
Event: 10.301 GC heap after
Heap after GC invocations=9 (full 1):
 PSYoungGen      total 190464K, used 35815K [0x00000000eab00000, 0x00000000fa200000, 0x0000000100000000)
  eden space 154624K, 0% used [0x00000000eab00000,0x00000000eab00000,0x00000000f4200000)
  from space 35840K, 99% used [0x00000000f6a80000,0x00000000f8d79d80,0x00000000f8d80000)
  to   space 41472K, 0% used [0x00000000f4200000,0x00000000f4200000,0x00000000f6a80000)
 ParOldGen       total 152576K, used 106110K [0x00000000c0000000, 0x00000000c9500000, 0x00000000eab00000)
  object space 152576K, 69% used [0x00000000c0000000,0x00000000c679fbc8,0x00000000c9500000)
 Metaspace       used 11643K, capacity 12298K, committed 12416K, reserved 1060864K
  class space    used 1420K, capacity 1587K, committed 1664K, reserved 1048576K
}
Event: 11.433 GC heap before
{Heap before GC invocations=10 (full 1):
 PSYoungGen      total 190464K, used 190439K [0x00000000eab00000, 0x00000000fa200000, 0x0000000100000000)
  eden space 154624K, 100% used [0x00000000eab00000,0x00000000f4200000,0x00000000f4200000)
  from space 35840K, 99% used [0x00000000f6a80000,0x00000000f8d79d80,0x00000000f8d80000)
  to   space 41472K, 0% used [0x00000000f4200000,0x00000000f4200000,0x00000000f6a80000)
 ParOldGen       total 152576K, used 106110K [0x00000000c0000000, 0x00000000c9500000, 0x00000000eab00000)
  object space 152576K, 69% used [0x00000000c0000000,0x00000000c679fbc8,0x00000000c9500000)
 Metaspace       used 12366K, capacity 13002K, committed 13184K, reserved 1060864K
  class space    used 1478K, capacity 1651K, committed 1664K, reserved 1048576K
Event: 11.518 GC heap after
Heap after GC invocations=10 (full 1):
 PSYoungGen      total 196096K, used 41450K [0x00000000eab00000, 0x00000000fd900000, 0x0000000100000000)
  eden space 154624K, 0% used [0x00000000eab00000,0x00000000eab00000,0x00000000f4200000)
  from space 41472K, 99% used [0x00000000f4200000,0x00000000f6a7abd0,0x00000000f6a80000)
  to   space 58368K, 0% used [0x00000000fa000000,0x00000000fa000000,0x00000000fd900000)
 ParOldGen       total 152576K, used 132688K [0x00000000c0000000, 0x00000000c9500000, 0x00000000eab00000)
  object space 152576K, 86% used [0x00000000c0000000,0x00000000c8194388,0x00000000c9500000)
 Metaspace       used 12366K, capacity 13002K, committed 13184K, reserved 1060864K
  class space    used 1478K, capacity 1651K, committed 1664K, reserved 1048576K
}
Event: 11.518 GC heap before
{Heap before GC invocations=11 (full 2):
 PSYoungGen      total 196096K, used 41450K [0x00000000eab00000, 0x00000000fd900000, 0x0000000100000000)
  eden space 154624K, 0% used [0x00000000eab00000,0x00000000eab00000,0x00000000f4200000)
  from space 41472K, 99% used [0x00000000f4200000,0x00000000f6a7abd0,0x00000000f6a80000)
  to   space 58368K, 0% used [0x00000000fa000000,0x00000000fa000000,0x00000000fd900000)
 ParOldGen       total 152576K, used 132688K [0x00000000c0000000, 0x00000000c9500000, 0x00000000eab00000)
  object space 152576K, 86% used [0x00000000c0000000,0x00000000c8194388,0x00000000c9500000)
 Metaspace       used 12366K, capacity 13002K, committed 13184K, reserved 1060864K
  class space    used 1478K, capacity 1651K, committed 1664K, reserved 1048576K
Event: 12.152 GC heap after
Heap after GC invocations=11 (full 2):
 PSYoungGen      total 196096K, used 0K [0x00000000eab00000, 0x00000000fd900000, 0x0000000100000000)
  eden space 154624K, 0% used [0x00000000eab00000,0x00000000eab00000,0x00000000f4200000)
  from space 41472K, 0% used [0x00000000f4200000,0x00000000f4200000,0x00000000f6a80000)
  to   space 58368K, 0% used [0x00000000fa000000,0x00000000fa000000,0x00000000fd900000)
 ParOldGen       total 248320K, used 124712K [0x00000000c0000000, 0x00000000cf280000, 0x00000000eab00000)
  object space 248320K, 50% used [0x00000000c0000000,0x00000000c79ca138,0x00000000cf280000)
 Metaspace       used 12366K, capacity 13002K, committed 13184K, reserved 1060864K
  class space    used 1478K, capacity 1651K, committed 1664K, reserved 1048576K
}
Event: 12.659 GC heap before
{Heap before GC invocations=12 (full 2):
 PSYoungGen      total 196096K, used 154624K [0x00000000eab00000, 0x00000000fd900000, 0x0000000100000000)
  eden space 154624K, 100% used [0x00000000eab00000,0x00000000f4200000,0x00000000f4200000)
  from space 41472K, 0% used [0x00000000f4200000,0x00000000f4200000,0x00000000f6a80000)
  to   space 58368K, 0% used [0x00000000fa000000,0x00000000fa000000,0x00000000fd900000)
 ParOldGen       total 248320K, used 124712K [0x00000000c0000000, 0x00000000cf280000, 0x00000000eab00000)
  object space 248320K, 50% used [0x00000000c0000000,0x00000000c79ca138,0x00000000cf280000)
 Metaspace       used 12449K, capacity 13066K, committed 13184K, reserved 1060864K
  class space    used 1487K, capacity 1651K, committed 1664K, reserved 1048576K
Event: 12.676 GC heap after
Heap after GC invocations=12 (full 2):
 PSYoungGen      total 249856K, used 2041K [0x00000000eab00000, 0x00000000fda00000, 0x0000000100000000)
  eden space 191488K, 0% used [0x00000000eab00000,0x00000000eab00000,0x00000000f6600000)
  from space 58368K, 3% used [0x00000000fa000000,0x00000000fa1fe530,0x00000000fd900000)
  to   space 59392K, 0% used [0x00000000f6600000,0x00000000f6600000,0x00000000fa000000)
 ParOldGen       total 248320K, used 124712K [0x00000000c0000000, 0x00000000cf280000, 0x00000000eab00000)
  object space 248320K, 50% used [0x00000000c0000000,0x00000000c79ca138,0x00000000cf280000)
 Metaspace       used 12449K, capacity 13066K, committed 13184K, reserved 1060864K
  class space    used 1487K, capacity 1651K, committed 1664K, reserved 1048576K
}

